<?xml version="1.0" encoding="UTF-8"?>
<!-- Generated by org.testng.reporters.JUnitXMLReporter -->
<testsuite hostname="DESKTOP-159BPU0" ignored="0" name="flipkartproduct" tests="1" failures="1" timestamp="07 May 2020 12:53:11 GMT" time="55.803" errors="0">
  <testcase name="flipkart" time="37.353" classname="com.FlipkartKiwiqaFramework.product.ProductIndex">
    <failure type="org.openqa.selenium.WebDriverException" message="invalid argument: &amp;apos;handle&amp;apos; must be a string
  (Session info: chrome=81.0.4044.122)
Build info: version: &amp;apos;3.141.59&amp;apos;, revision: &amp;apos;e82be7d358&amp;apos;, time: &amp;apos;2018-11-14T08:25:53&amp;apos;
System info: host: &amp;apos;DESKTOP-159BPU0&amp;apos;, ip: &amp;apos;192.168.43.234&amp;apos;, os.name: &amp;apos;Windows 10&amp;apos;, os.arch: &amp;apos;x86&amp;apos;, os.version: &amp;apos;10.0&amp;apos;, java.version: &amp;apos;1.8.0_144&amp;apos;
Driver info: driver.version: unknown
Command duration or timeout: 21 milliseconds
Build info: version: &amp;apos;2.53.1&amp;apos;, revision: &amp;apos;a36b8b1cd5757287168e54b817830adce9b0158d&amp;apos;, time: &amp;apos;2016-06-30 19:26:09&amp;apos;
System info: host: &amp;apos;DESKTOP-159BPU0&amp;apos;, ip: &amp;apos;192.168.43.234&amp;apos;, os.name: &amp;apos;Windows 10&amp;apos;, os.arch: &amp;apos;amd64&amp;apos;, os.version: &amp;apos;10.0&amp;apos;, java.version: &amp;apos;1.8.0_60&amp;apos;
Driver info: org.openqa.selenium.remote.RemoteWebDriver
Capabilities [{networkConnectionEnabled=false, chrome={chromedriverVersion=80.0.3987.106 (f68069574609230cf9b635cd784cfb1bf81bb53a-refs/branch-heads/3987@{#882}), userDataDir=C:\WINDOWS\TEMP\scoped_dir23332_439054806}, timeouts={implicit=0, pageLoad=300000, script=30000}, pageLoadStrategy=normal, unhandledPromptBehavior=ignore, strictFileInteractability=false, platform=ANY, proxy={}, goog:chromeOptions={debuggerAddress=localhost:65089}, webdriver.remote.sessionid=fabdd7cdf79bd0f4abbb4763b6c0cea3, acceptInsecureCerts=false, browserVersion=81.0.4044.122, browserName=chrome, platformName=windows, setWindowRect=true}]
Session ID: fabdd7cdf79bd0f4abbb4763b6c0cea3">
      <![CDATA[org.openqa.selenium.WebDriverException: invalid argument: 'handle' must be a string  (Session info: chrome=81.0.4044.122)Build info: version: '3.141.59', revision: 'e82be7d358', time: '2018-11-14T08:25:53'System info: host: 'DESKTOP-159BPU0', ip: '192.168.43.234', os.name: 'Windows 10', os.arch: 'x86', os.version: '10.0', java.version: '1.8.0_144'Driver info: driver.version: unknownCommand duration or timeout: 21 millisecondsBuild info: version: '2.53.1', revision: 'a36b8b1cd5757287168e54b817830adce9b0158d', time: '2016-06-30 19:26:09'System info: host: 'DESKTOP-159BPU0', ip: '192.168.43.234', os.name: 'Windows 10', os.arch: 'amd64', os.version: '10.0', java.version: '1.8.0_60'Driver info: org.openqa.selenium.remote.RemoteWebDriverCapabilities [{networkConnectionEnabled=false, chrome={chromedriverVersion=80.0.3987.106 (f68069574609230cf9b635cd784cfb1bf81bb53a-refs/branch-heads/3987@{#882}), userDataDir=C:\WINDOWS\TEMP\scoped_dir23332_439054806}, timeouts={implicit=0, pageLoad=300000, script=30000}, pageLoadStrategy=normal, unhandledPromptBehavior=ignore, strictFileInteractability=false, platform=ANY, proxy={}, goog:chromeOptions={debuggerAddress=localhost:65089}, webdriver.remote.sessionid=fabdd7cdf79bd0f4abbb4763b6c0cea3, acceptInsecureCerts=false, browserVersion=81.0.4044.122, browserName=chrome, platformName=windows, setWindowRect=true}]Session ID: fabdd7cdf79bd0f4abbb4763b6c0cea3at org.openqa.selenium.remote.ErrorHandler.createThrowable(ErrorHandler.java:206)at org.openqa.selenium.remote.ErrorHandler.throwIfResponseFailed(ErrorHandler.java:158)at org.openqa.selenium.remote.RemoteWebDriver.execute(RemoteWebDriver.java:678)at org.openqa.selenium.remote.RemoteWebDriver$RemoteTargetLocator.window(RemoteWebDriver.java:1015)at com.FlipkartKiwiqaFramework.Init.Common.findAndSwitchToSecondWindow(Common.java:723)at com.FlipkartKiwiqaFramework.product.ProductIndexPage.addToCart(ProductIndexPage.java:160)at com.FlipkartKiwiqaFramework.product.ProductIndex.flipkart(ProductIndex.java:69)Caused by: org.openqa.selenium.WebDriverException: invalid argument: 'handle' must be a string  (Session info: chrome=81.0.4044.122)Build info: version: '3.141.59', revision: 'e82be7d358', time: '2018-11-14T08:25:53'System info: host: 'DESKTOP-159BPU0', ip: '192.168.43.234', os.name: 'Windows 10', os.arch: 'x86', os.version: '10.0', java.version: '1.8.0_144'Driver info: driver.version: unknownBuild info: version: '2.53.1', revision: 'a36b8b1cd5757287168e54b817830adce9b0158d', time: '2016-06-30 19:26:09'System info: host: 'DESKTOP-159BPU0', ip: '192.168.43.234', os.name: 'Windows 10', os.arch: 'amd64', os.version: '10.0', java.version: '1.8.0_60'Driver info: driver.version: unknown... Removed 33 stack frames]]>
    </failure>
  </testcase> <!-- flipkart -->
</testsuite> <!-- flipkartproduct -->
