<?xml version="1.0" encoding="UTF-8"?>
<!-- Generated by org.testng.reporters.JUnitXMLReporter -->
<testsuite hostname="DESKTOP-159BPU0" ignored="0" name="flipkartproduct" tests="1" failures="1" timestamp="06 May 2020 10:48:20 GMT" time="125.791" errors="0">
  <testcase name="flipkart" time="37.22" classname="com.FlipkartKiwiqaFramework.product.ProductIndex">
    <failure type="org.openqa.selenium.TimeoutException" message="Timed out after 10 seconds waiting for element to be clickable: [[RemoteWebDriver: chrome on ANY (7be9aad33413ce16204f4785d45aa61c)] -&amp;gt; xpath: .//a[@title=&amp;apos;Realme&amp;apos;]]
Build info: version: &amp;apos;2.53.1&amp;apos;, revision: &amp;apos;a36b8b1cd5757287168e54b817830adce9b0158d&amp;apos;, time: &amp;apos;2016-06-30 19:26:09&amp;apos;
System info: host: &amp;apos;DESKTOP-159BPU0&amp;apos;, ip: &amp;apos;192.168.43.234&amp;apos;, os.name: &amp;apos;Windows 10&amp;apos;, os.arch: &amp;apos;amd64&amp;apos;, os.version: &amp;apos;10.0&amp;apos;, java.version: &amp;apos;1.8.0_60&amp;apos;
Driver info: org.openqa.selenium.remote.RemoteWebDriver
Capabilities [{networkConnectionEnabled=false, chrome={chromedriverVersion=80.0.3987.106 (f68069574609230cf9b635cd784cfb1bf81bb53a-refs/branch-heads/3987@{#882}), userDataDir=C:\WINDOWS\TEMP\scoped_dir1708_1196562455}, timeouts={implicit=0, pageLoad=300000, script=30000}, pageLoadStrategy=normal, unhandledPromptBehavior=ignore, strictFileInteractability=false, platform=ANY, proxy={}, goog:chromeOptions={debuggerAddress=localhost:59134}, webdriver.remote.sessionid=7be9aad33413ce16204f4785d45aa61c, acceptInsecureCerts=false, browserVersion=81.0.4044.122, browserName=chrome, platformName=windows, setWindowRect=true}]
Session ID: 7be9aad33413ce16204f4785d45aa61c">
      <![CDATA[org.openqa.selenium.TimeoutException: Timed out after 10 seconds waiting for element to be clickable: [[RemoteWebDriver: chrome on ANY (7be9aad33413ce16204f4785d45aa61c)] -> xpath: .//a[@title='Realme']]Build info: version: '2.53.1', revision: 'a36b8b1cd5757287168e54b817830adce9b0158d', time: '2016-06-30 19:26:09'System info: host: 'DESKTOP-159BPU0', ip: '192.168.43.234', os.name: 'Windows 10', os.arch: 'amd64', os.version: '10.0', java.version: '1.8.0_60'Driver info: org.openqa.selenium.remote.RemoteWebDriverCapabilities [{networkConnectionEnabled=false, chrome={chromedriverVersion=80.0.3987.106 (f68069574609230cf9b635cd784cfb1bf81bb53a-refs/branch-heads/3987@{#882}), userDataDir=C:\WINDOWS\TEMP\scoped_dir1708_1196562455}, timeouts={implicit=0, pageLoad=300000, script=30000}, pageLoadStrategy=normal, unhandledPromptBehavior=ignore, strictFileInteractability=false, platform=ANY, proxy={}, goog:chromeOptions={debuggerAddress=localhost:59134}, webdriver.remote.sessionid=7be9aad33413ce16204f4785d45aa61c, acceptInsecureCerts=false, browserVersion=81.0.4044.122, browserName=chrome, platformName=windows, setWindowRect=true}]Session ID: 7be9aad33413ce16204f4785d45aa61cat org.openqa.selenium.support.ui.WebDriverWait.timeoutException(WebDriverWait.java:80)at org.openqa.selenium.support.ui.FluentWait.until(FluentWait.java:261)at com.FlipkartKiwiqaFramework.Init.Common.clickableElement(Common.java:682)at com.FlipkartKiwiqaFramework.product.ProductIndexPage.clickonRealme(ProductIndexPage.java:62)at com.FlipkartKiwiqaFramework.product.ProductIndex.flipkart(ProductIndex.java:32)... Removed 29 stack frames]]>
    </failure>
  </testcase> <!-- flipkart -->
</testsuite> <!-- flipkartproduct -->
