<?xml version="1.0" encoding="UTF-8"?>
<!-- Generated by org.testng.reporters.JUnitXMLReporter -->
<testsuite hostname="DESKTOP-159BPU0" ignored="0" name="simpledemo" tests="1" failures="0" timestamp="27 Apr 2020 11:00:49 GMT" time="0.124" errors="0">
  <testcase name="@BeforeMethod setUp" time="0.0" classname="com.FlipkartKiwiqaFramework.Init.SeleniumInit">
    <failure type="org.testng.TestNGException" message="
Can inject only one of &amp;lt;ITestContext, XmlTest, Method, Object[], ITestResult&amp;gt; into a @BeforeMethod annotated setUp.
For more information on native dependency injection please refer to http://testng.org/doc/documentation-main.html#native-dependency-injection">
      <![CDATA[org.testng.TestNGException: Can inject only one of <ITestContext, XmlTest, Method, Object[], ITestResult> into a @BeforeMethod annotated setUp.For more information on native dependency injection please refer to http://testng.org/doc/documentation-main.html#native-dependency-injection... Removed 29 stack frames]]>
    </failure>
  </testcase> <!-- @BeforeMethod setUp -->
  <testcase name="@AfterMethod tearDown" time="0.033" classname="com.FlipkartKiwiqaFramework.Init.SeleniumInit">
    <failure type="java.lang.NullPointerException">
      <![CDATA[java.lang.NullPointerExceptionat com.FlipkartKiwiqaFramework.Init.SeleniumInit.tearDown(SeleniumInit.java:353)... Removed 32 stack frames]]>
    </failure>
  </testcase> <!-- @AfterMethod tearDown -->
  <testcase name="flipkart" time="0.0" classname="com.FlipkartKiwiqaFramework.product.ProductIndex">
    <skipped/>
  </testcase> <!-- flipkart -->
</testsuite> <!-- simpledemo -->
