-------------------------------------------------------------------------------
Test set: TestSuite
-------------------------------------------------------------------------------
Tests run: 1, Failures: 1, Errors: 0, Skipped: 0, Time elapsed: 29.784 s <<< FAILURE! - in TestSuite
flipkart(com.FlipkartKiwiqaFramework.product.ProductIndex)  Time elapsed: 0.003 s  <<< FAILURE!
java.lang.NullPointerException
	at com.FlipkartKiwiqaFramework.product.ProductIndex.flipkart(ProductIndex.java:24)

